<?xml version="1.0" encoding="UTF-8"?>
<!-- Generated by org.testng.reporters.JUnitReportReporter -->
<testsuite hostname="DESKTOP-67GLAQL" failures="0" tests="1" name="com.Test.Test_tc_001" time="9.793" errors="0" timestamp="2022-08-22T21:32:47 IST" skipped="0">
  <testcase classname="com.Test.Test_tc_001" name="verify_TestLogin_validCredential" time="9.793"/>
  <system-out/>
</testsuite> <!-- com.Test.Test_tc_001 -->
